# JRE version: 7.0_25-b17
# Java VM: Java HotSpot(TM) 64-Bit Server VM (23.25-b01 mixed mode windows-amd64 compressed oops)
Heap
 PSYoungGen      total 245184K, used 32333K [0x00000000e2c00000, 0x00000000f36f0000, 0x0000000100000000)
  eden space 234048K, 12% used [0x00000000e2c00000,0x00000000e481a4d8,0x00000000f1090000)
  from space 11136K, 31% used [0x00000000f2c10000,0x00000000f2f890e8,0x00000000f36f0000)
  to   space 19648K, 0% used [0x00000000f1090000,0x00000000f1090000,0x00000000f23c0000)
 ParOldGen       total 93760K, used 51649K [0x00000000a8400000, 0x00000000adf90000, 0x00000000e2c00000)
  object space 93760K, 55% used [0x00000000a8400000,0x00000000ab670778,0x00000000adf90000)
 PSPermGen       total 46016K, used 23531K [0x00000000a3200000, 0x00000000a5ef0000, 0x00000000a8400000)
  object space 46016K, 51% used [0x00000000a3200000,0x00000000a48fadf0,0x00000000a5ef0000)
GC Heap History (10 events):
Event: 7.947 GC heap before
{Heap before GC invocations=11 (full 1):
 PSYoungGen      total 129600K, used 107406K [0x00000000e2c00000, 0x00000000ee350000, 0x0000000100000000)
  eden space 104768K, 100% used [0x00000000e2c00000,0x00000000e9250000,0x00000000e9250000)
  from space 24832K, 10% used [0x00000000e9250000,0x00000000e94e3848,0x00000000eaa90000)
  to   space 24128K, 0% used [0x00000000ecbc0000,0x00000000ecbc0000,0x00000000ee350000)
 ParOldGen       total 93760K, used 49375K [0x00000000a8400000, 0x00000000adf90000, 0x00000000e2c00000)
  object space 93760K, 52% used [0x00000000a8400000,0x00000000ab437da8,0x00000000adf90000)
 PSPermGen       total 46016K, used 23116K [0x00000000a3200000, 0x00000000a5ef0000, 0x00000000a8400000)
  object space 46016K, 50% used [0x00000000a3200000,0x00000000a4893398,0x00000000a5ef0000)
Event: 7.972 GC heap after
Heap after GC invocations=11 (full 1):
 PSYoungGen      total 162432K, used 2312K [0x00000000e2c00000, 0x00000000ee220000, 0x0000000100000000)
  eden space 139520K, 0% used [0x00000000e2c00000,0x00000000e2c00000,0x00000000eb440000)
  from space 22912K, 10% used [0x00000000ecbc0000,0x00000000ece02200,0x00000000ee220000)
  to   space 23488K, 0% used [0x00000000eb440000,0x00000000eb440000,0x00000000ecb30000)
 ParOldGen       total 93760K, used 49431K [0x00000000a8400000, 0x00000000adf90000, 0x00000000e2c00000)
  object space 93760K, 52% used [0x00000000a8400000,0x00000000ab445da8,0x00000000adf90000)
 PSPermGen       total 46016K, used 23116K [0x00000000a3200000, 0x00000000a5ef0000, 0x00000000a8400000)
  object space 46016K, 50% used [0x00000000a3200000,0x00000000a4893398,0x00000000a5ef0000)
}
Event: 8.712 GC heap before
{Heap before GC invocations=12 (full 1):
 PSYoungGen      total 162432K, used 141832K [0x00000000e2c00000, 0x00000000ee220000, 0x0000000100000000)
  eden space 139520K, 100% used [0x00000000e2c00000,0x00000000eb440000,0x00000000eb440000)
  from space 22912K, 10% used [0x00000000ecbc0000,0x00000000ece02200,0x00000000ee220000)
  to   space 23488K, 0% used [0x00000000eb440000,0x00000000eb440000,0x00000000ecb30000)
 ParOldGen       total 93760K, used 49432K [0x00000000a8400000, 0x00000000adf90000, 0x00000000e2c00000)
  object space 93760K, 52% used [0x00000000a8400000,0x00000000ab446360,0x00000000adf90000)
 PSPermGen       total 46016K, used 23140K [0x00000000a3200000, 0x00000000a5ef0000, 0x00000000a8400000)
  object space 46016K, 50% used [0x00000000a3200000,0x00000000a48990e8,0x00000000a5ef0000)
Event: 8.742 GC heap after
Heap after GC invocations=12 (full 1):
 PSYoungGen      total 163008K, used 4053K [0x00000000e2c00000, 0x00000000f0e40000, 0x0000000100000000)
  eden space 139520K, 0% used [0x00000000e2c00000,0x00000000e2c00000,0x00000000eb440000)
  from space 23488K, 17% used [0x00000000eb440000,0x00000000eb835768,0x00000000ecb30000)
  to   space 22464K, 0% used [0x00000000ef850000,0x00000000ef850000,0x00000000f0e40000)
 ParOldGen       total 93760K, used 50120K [0x00000000a8400000, 0x00000000adf90000, 0x00000000e2c00000)
  object space 93760K, 53% used [0x00000000a8400000,0x00000000ab4f2380,0x00000000adf90000)
 PSPermGen       total 46016K, used 23140K [0x00000000a3200000, 0x00000000a5ef0000, 0x00000000a8400000)
  object space 46016K, 50% used [0x00000000a3200000,0x00000000a48990e8,0x00000000a5ef0000)
}
Event: 9.488 GC heap before
{Heap before GC invocations=13 (full 1):
 PSYoungGen      total 163008K, used 143573K [0x00000000e2c00000, 0x00000000f0e40000, 0x0000000100000000)
  eden space 139520K, 100% used [0x00000000e2c00000,0x00000000eb440000,0x00000000eb440000)
  from space 23488K, 17% used [0x00000000eb440000,0x00000000eb835768,0x00000000ecb30000)
  to   space 22464K, 0% used [0x00000000ef850000,0x00000000ef850000,0x00000000f0e40000)
 ParOldGen       total 93760K, used 50120K [0x00000000a8400000, 0x00000000adf90000, 0x00000000e2c00000)
  object space 93760K, 53% used [0x00000000a8400000,0x00000000ab4f2380,0x00000000adf90000)
 PSPermGen       total 46016K, used 23156K [0x00000000a3200000, 0x00000000a5ef0000, 0x00000000a8400000)
  object space 46016K, 50% used [0x00000000a3200000,0x00000000a489d210,0x00000000a5ef0000)
Event: 9.505 GC heap after
Heap after GC invocations=13 (full 1):
 PSYoungGen      total 203840K, used 2549K [0x00000000e2c00000, 0x00000000f0ae0000, 0x0000000100000000)
  eden space 184832K, 0% used [0x00000000e2c00000,0x00000000e2c00000,0x00000000ee080000)
  from space 19008K, 13% used [0x00000000ef850000,0x00000000efacd468,0x00000000f0ae0000)
  to   space 21696K, 0% used [0x00000000ee080000,0x00000000ee080000,0x00000000ef5b0000)
 ParOldGen       total 93760K, used 51505K [0x00000000a8400000, 0x00000000adf90000, 0x00000000e2c00000)
  object space 93760K, 54% used [0x00000000a8400000,0x00000000ab64c778,0x00000000adf90000)
 PSPermGen       total 46016K, used 23156K [0x00000000a3200000, 0x00000000a5ef0000, 0x00000000a8400000)
  object space 46016K, 50% used [0x00000000a3200000,0x00000000a489d210,0x00000000a5ef0000)
}
Event: 10.518 GC heap before
{Heap before GC invocations=14 (full 1):
 PSYoungGen      total 203840K, used 187381K [0x00000000e2c00000, 0x00000000f0ae0000, 0x0000000100000000)
  eden space 184832K, 100% used [0x00000000e2c00000,0x00000000ee080000,0x00000000ee080000)
  from space 19008K, 13% used [0x00000000ef850000,0x00000000efacd468,0x00000000f0ae0000)
  to   space 21696K, 0% used [0x00000000ee080000,0x00000000ee080000,0x00000000ef5b0000)
 ParOldGen       total 93760K, used 51505K [0x00000000a8400000, 0x00000000adf90000, 0x00000000e2c00000)
  object space 93760K, 54% used [0x00000000a8400000,0x00000000ab64c778,0x00000000adf90000)
 PSPermGen       total 46016K, used 23184K [0x00000000a3200000, 0x00000000a5ef0000, 0x00000000a8400000)
  object space 46016K, 50% used [0x00000000a3200000,0x00000000a48a43b0,0x00000000a5ef0000)
Event: 10.537 GC heap after
Heap after GC invocations=14 (full 1):
 PSYoungGen      total 206528K, used 4090K [0x00000000e2c00000, 0x00000000f4030000, 0x0000000100000000)
  eden space 184832K, 0% used [0x00000000e2c00000,0x00000000e2c00000,0x00000000ee080000)
  from space 21696K, 18% used [0x00000000ee080000,0x00000000ee47ea10,0x00000000ef5b0000)
  to   space 20608K, 0% used [0x00000000f2c10000,0x00000000f2c10000,0x00000000f4030000)
 ParOldGen       total 93760K, used 51569K [0x00000000a8400000, 0x00000000adf90000, 0x00000000e2c00000)
  object space 93760K, 55% used [0x00000000a8400000,0x00000000ab65c778,0x00000000adf90000)
 PSPermGen       total 46016K, used 23184K [0x00000000a3200000, 0x00000000a5ef0000, 0x00000000a8400000)
  object space 46016K, 50% used [0x00000000a3200000,0x00000000a48a43b0,0x00000000a5ef0000)
}
Event: 24.098 GC heap before
{Heap before GC invocations=15 (full 1):
 PSYoungGen      total 206528K, used 188891K [0x00000000e2c00000, 0x00000000f4030000, 0x0000000100000000)
  eden space 184832K, 99% used [0x00000000e2c00000,0x00000000ee078488,0x00000000ee080000)
  from space 21696K, 18% used [0x00000000ee080000,0x00000000ee47ea10,0x00000000ef5b0000)
  to   space 20608K, 0% used [0x00000000f2c10000,0x00000000f2c10000,0x00000000f4030000)
 ParOldGen       total 93760K, used 51569K [0x00000000a8400000, 0x00000000adf90000, 0x00000000e2c00000)
  object space 93760K, 55% used [0x00000000a8400000,0x00000000ab65c778,0x00000000adf90000)
 PSPermGen       total 46016K, used 23262K [0x00000000a3200000, 0x00000000a5ef0000, 0x00000000a8400000)
  object space 46016K, 50% used [0x00000000a3200000,0x00000000a48b7ac8,0x00000000a5ef0000)
Event: 24.112 GC heap after
Heap after GC invocations=15 (full 1):
 PSYoungGen      total 245184K, used 3556K [0x00000000e2c00000, 0x00000000f36f0000, 0x0000000100000000)
  eden space 234048K, 0% used [0x00000000e2c00000,0x00000000e2c00000,0x00000000f1090000)
  from space 11136K, 31% used [0x00000000f2c10000,0x00000000f2f890e8,0x00000000f36f0000)
  to   space 19648K, 0% used [0x00000000f1090000,0x00000000f1090000,0x00000000f23c0000)
 ParOldGen       total 93760K, used 51649K [0x00000000a8400000, 0x00000000adf90000, 0x00000000e2c00000)
  object space 93760K, 55% used [0x00000000a8400000,0x00000000ab670778,0x00000000adf90000)
 PSPermGen       total 46016K, used 23262K [0x00000000a3200000, 0x00000000a5ef0000, 0x00000000a8400000)
  object space 46016K, 50% used [0x00000000a3200000,0x00000000a48b7ac8,0x00000000a5ef0000)
}

